<?xml version="1.0" encoding="UTF-8"?>
<testng-results ignored="0" total="1" passed="1" failed="0" skipped="0">
  <reporter-output>
    <line>
      <![CDATA[<div "result">Launch Facebook on browser (PASSED : 6s)</div>]]>
    </line>
    <line>
      <![CDATA[<div "result">I want to enter username &quot;karthik&quot; (PASSED : 4s)</div>]]>
    </line>
    <line>
      <![CDATA[<div "result">I want to enter Password &quot;123456karthik&quot; (PASSED : 0s)</div>]]>
    </line>
    <line>
      <![CDATA[<div "result">I click on login button (PASSED : 2s)</div>]]>
    </line>
  </reporter-output>
  <suite started-at="2022-03-18T12:52:15 IST" name="Default suite" finished-at="2022-03-18T12:52:28 IST" duration-ms="13029">
    <groups>
      <group name="cucumber">
        <method signature="AbstractTestNGCucumberTests.runScenario(cucumber.api.testng.PickleEventWrapper, cucumber.api.testng.CucumberFeatureWrapper)[pri:0, instance:runners.MyTestNGRunner@625732]" name="runScenario" class="cucumber.api.testng.AbstractTestNGCucumberTests"/>
      </group> <!-- cucumber -->
    </groups>
    <test started-at="2022-03-18T12:52:15 IST" name="Default test" finished-at="2022-03-18T12:52:28 IST" duration-ms="13029">
      <class name="runners.MyTestNGRunner">
        <test-method is-config="true" signature="setUpClass()[pri:0, instance:runners.MyTestNGRunner@625732]" started-at="2022-03-18T12:52:15 IST" name="setUpClass" finished-at="2022-03-18T12:52:15 IST" duration-ms="64" status="PASS">
          <reporter-output>
          </reporter-output>
        </test-method> <!-- setUpClass -->
        <test-method signature="runScenario(cucumber.api.testng.PickleEventWrapper, cucumber.api.testng.CucumberFeatureWrapper)[pri:0, instance:runners.MyTestNGRunner@625732]" started-at="2022-03-18T12:52:15 IST" name="runScenario" description="Runs Cucumber Scenarios" data-provider="scenarios" finished-at="2022-03-18T12:52:28 IST" duration-ms="12919" status="PASS">
          <params>
            <param index="0">
              <value>
                <![CDATA["Entering Username & Password for facebook web application"]]>
              </value>
            </param>
            <param index="1">
              <value>
                <![CDATA["Facebook Login Screen"]]>
              </value>
            </param>
          </params>
          <reporter-output>
            <line>
              <![CDATA[<div "result">Launch Facebook on browser (PASSED : 6s)</div>]]>
            </line>
            <line>
              <![CDATA[<div "result">I want to enter username &quot;karthik&quot; (PASSED : 4s)</div>]]>
            </line>
            <line>
              <![CDATA[<div "result">I want to enter Password &quot;123456karthik&quot; (PASSED : 0s)</div>]]>
            </line>
            <line>
              <![CDATA[<div "result">I click on login button (PASSED : 2s)</div>]]>
            </line>
          </reporter-output>
        </test-method> <!-- runScenario -->
        <test-method is-config="true" signature="tearDownClass()[pri:0, instance:runners.MyTestNGRunner@625732]" started-at="2022-03-18T12:52:28 IST" name="tearDownClass" finished-at="2022-03-18T12:52:28 IST" duration-ms="6" status="PASS">
          <reporter-output>
          </reporter-output>
        </test-method> <!-- tearDownClass -->
      </class> <!-- runners.MyTestNGRunner -->
    </test> <!-- Default test -->
  </suite> <!-- Default suite -->
</testng-results>
